MPASM  5.51                          MAIN.ASM   11-28-2017  19:10:51         PAGE  1


LOC  OBJECT CODE     LINE SOURCE TEXT
  VALUE

                      00001 
                      00002 #INCLUDE <P16F877A.INC>; ; CHAMA BIBLIOTECA DO PIC
                      00001         LIST
                      00002 
                      00003 ;==========================================================================
                      00004 ;  MPASM PIC16F877A processor include
                      00005 ; 
                      00006 ;  (c) Copyright 1999-2013 Microchip Technology, All rights reserved
                      00007 ;==========================================================================
                      00008 
                      00566         LIST
                      00003 
                      00004 #define Clock 400000
                      00005 
                      00006 #DEFINE BANCO0 BCF STATUS,RP0; SELEÇÃO DE BANCO0
                      00007 #DEFINE BANCO1 BSF STATUS,RP0; SELEÇÃO DE BANCO1
                      00008 
                      00009 ;NOMEANDO PORTD 
                      00010 #DEFINE BIN3    PORTD,0 ; NOMEIA PINO 
                      00011 #DEFINE BIN2    PORTD,1 ; NOMEIA PINO 
                      00012 #DEFINE BIN1    PORTD,2 ; NOMEIA PINO
                      00013 #DEFINE BIN0    PORTD,3 ; NOMEIA PINO 
                      00014 #DEFINE BIN_OPEN        PORTD,4 ; NOMEIA PINO 
                      00015 #DEFINE BIN_CLOSED      PORTD,5 ; NOMEIA PINO 
                      00016 #DEFINE BIN_EMERG       PORTD,6 ; NOMEIA PINO 
                      00017 #DEFINE BEX_0   PORTD,7 ; NOMEIA PINO 
                      00018 
                      00019 ;NOMEANDO PORTC
                      00020 #DEFINE PWM1    PORTC,1 ; NOMEIA PINO 
                      00021 #DEFINE PWM2    PORTC,2 ; NOMEIA PINO
                      00022 #DEFINE OPEN    PORTC,3 ; NOMEIA PINO 
                      00023 #DEFINE CLOSED  PORTC,4 ; NOMEIA PINO 
                      00024 #DEFINE BUZZY   PORTC,5 ; NOMEIA PINO 
                      00025 #DEFINE UP      PORTC,6 ; NOMEIA PINO 
                      00026 #DEFINE DOWN    PORTC,7 ; NOMEIA PINO 
                      00027 
                      00028 ;NOMEANDO PORTA 
                      00029 #DEFINE SC      PORTA,0 ; NOMEIA PINO 
                      00030 #DEFINE SOPEN   PORTA,1 ; NOMEIA PINO 
                      00031 #DEFINE S0      PORTA,2 ; NOMEIA PINO
                      00032 #DEFINE S1      PORTA,3 ; NOMEIA PINO 
                      00033 #DEFINE S2      PORTA,5 ; NOMEIA PINO 
                      00034 
                      00035 ;NOMEANDO PORTE 
                      00036 #DEFINE S3      PORTE,0 ; NOMEIA PINO 
                      00037 
                      00038 ;NOMEANDO PORTB 
                      00039 #DEFINE SFLUX   PORTA,0 ; NOMEIA PINO 
                      00040 #DEFINE DISPLAY PORTA,1 ; NOMEIA PINO 
                      00041 #DEFINE DISPLA1 PORTA,2 ; NOMEIA PINO
                      00042 #DEFINE BEX_3   PORTA,3 ; NOMEIA PINO 
                      00043 #DEFINE BEX_2_UP        PORTA,4 ; NOMEIA PINO 
                      00044 #DEFINE BEX_2_D PORTA,5 ; NOMEIA PINO 
MPASM  5.51                          MAIN.ASM   11-28-2017  19:10:51         PAGE  2


LOC  OBJECT CODE     LINE SOURCE TEXT
  VALUE

                      00045 #DEFINE BEX_1_UP        PORTA,6 ; NOMEIA PINO 
                      00046 #DEFINE BEX_1_D PORTA,7 ; NOMEIA PINO 
                      00047 
                      00048 
                      00049 
                      00050 ;-------------------------------------------------
  00000020            00051 TEMP EQU 0X20
  00000021            00052 TEMP1 EQU 0X21
  00000022            00053 TEMP2 EQU 0X22
  00000023            00054 TEMP3 EQU 0X23
  00000024            00055 TEMP4 EQU 0X24
  00000025            00056 TEMP5 EQU 0X25
                      00057 
                      00058 
                      00059 ;-------------------------------------------------
                      00060 
Warning[205]: Found directive in column 1. (ORG)
0000                  00061 ORG 0X00
Warning[203]: Found opcode in column 1. (GOTO)
0000   2801           00062 GOTO SETUP
                      00063 ;-------------------------------------------------
                      00064 
                      00065 ;CONFIGURAÇÃO DAS ENTRADAS E SAÍDAS / DESLIGANDO COMPARADORES / CONFIGURANDO ENTRADAS COMO DIGITAIS
                      00066 
0001                  00067 SETUP:
                      00068 ;BANCO1; CONTÉM TRISA, ADCON E CMCON
                      00069 ;bcf 0x03
Warning[203]: Found opcode in column 1. (bsf)
0001   1403           00070 bsf 0x03,0 ;BANCO 1
Warning[203]: Found opcode in column 1. (MOVLW)
0002   30FF           00071 MOVLW 0XFF; COLOCA UMA LITERAL NO REGISTRADOR W
Warning[203]: Found opcode in column 1. (MOVWF)
Message[302]: Register in operand not in bank 0.  Ensure that bank bits are correct.
0003   0085           00072 MOVWF 0X85; TRISA CONFIGURA PORTA COMO ENTRADA
Warning[203]: Found opcode in column 1. (MOVLW)
0004   30F9           00073 MOVLW 0XF9; COLOCA UMA LITERAL NO REGISTRADOR W
Warning[203]: Found opcode in column 1. (MOVWF)
Message[302]: Register in operand not in bank 0.  Ensure that bank bits are correct.
0005   0086           00074 MOVWF 0X86; TRISB CONFIGURA PORTB COMO SAÍDA/ENTRADA
Warning[203]: Found opcode in column 1. (CLRF)
Message[302]: Register in operand not in bank 0.  Ensure that bank bits are correct.
0006   0187           00075 CLRF  0x87; TRISC COMO SAIDA
Warning[203]: Found opcode in column 1. (MOVLW)
0007   30FF           00076 MOVLW 0XFF; COLOCA UMA LITERAL NO REGISTRADOR W
Warning[203]: Found opcode in column 1. (MOVWF)
Message[302]: Register in operand not in bank 0.  Ensure that bank bits are correct.
0008   0088           00077 MOVWF 0X88; CONFIGURA TODOS BITS DO PORTD COMO ENTRADA
Warning[203]: Found opcode in column 1. (MOVLW)
0009   3007           00078 MOVLW 0X07; COLOCA UMA LITERAL NO REGISTRADOR W
Warning[203]: Found opcode in column 1. (MOVWF)
Message[302]: Register in operand not in bank 0.  Ensure that bank bits are correct.
000A   0089           00079 MOVWF 0X89; CONFIGURA TODOS BITS DO PORTE COMO ENTRADA
                      00080 
MPASM  5.51                          MAIN.ASM   11-28-2017  19:10:51         PAGE  3


LOC  OBJECT CODE     LINE SOURCE TEXT
  VALUE

                      00081 
Warning[203]: Found opcode in column 1. (MOVLW)
000B   3007           00082 MOVLW 0X07;COLOCA UMA LITERAL NO REGISTRADOR W
Warning[203]: Found opcode in column 1. (MOVWF)
Message[302]: Register in operand not in bank 0.  Ensure that bank bits are correct.
000C   009C           00083 MOVWF 0x9C; CMCON    DESLIGA COMPARADOR 
Warning[203]: Found opcode in column 1. (MOVLW)
000D   3007           00084 MOVLW 0X07;COLOCA UMA LITERAL NO REGISTRADOR W
Warning[203]: Found opcode in column 1. (MOVWF)
Message[302]: Register in operand not in bank 0.  Ensure that bank bits are correct.
000E   009F           00085 MOVWF 0x9F; ADCON1   DESLIGA COMPARADOR
                      00086 
                      00087 ;-------------------------------------------------
                      00088 
Warning[203]: Found opcode in column 1. (BCF)
000F   1283           00089 BANCO0  
Warning[203]: Found opcode in column 1. (CLRF)
0010   0185           00090 CLRF 0x05; MANDA NÍVEL LÓGICO ZERO PARA TODOS OS PINOS DO PORTA
Warning[203]: Found opcode in column 1. (CLRF)
0011   0186           00091 CLRF 0x06; MANDA NÍVEL LÓGICO ZERO PARA TODOS OS PINOS DO PORTB
Warning[203]: Found opcode in column 1. (CLRF)
0012   0187           00092 CLRF 0x07; MANDA NÍVEL LÓGICO ZERO PARA TODOS OS PINOS DO PORTC
Warning[203]: Found opcode in column 1. (CLRF)
0013   0188           00093 CLRF 0x08; MANDA NÍVEL LÓGICO ZERO PARA TODOS OS PINOS DO PORTD
Warning[203]: Found opcode in column 1. (CLRF)
0014   0189           00094 CLRF 0x09; MANDA NÍVEL LÓGICO ZERO PARA TODOS OS PINOS DO PORTE
                      00095 
                      00096 
                      00097 
Warning[203]: Found opcode in column 1. (GOTO)
0015   2816           00098 GOTO ALARME; VAI PARA PROGRAMA PRINCIPAL
                      00099 
                      00100 ;IDENTIFICAÇÃO E INDICAÇÃO DOS ANDARES ATRAVÉS DO DISPLAY E TESTE DE PORTA
                      00101 
0016   1687           00102 ALARME: BSF BUZZY ; SETA BIT 5 - RC5 ; LIGA ALARME SONORO 
0017   1D05           00103 INICIO: BTFSS S0 ; VERIFICA SE O SENSOR DO TÉRREO ESTÁ ACIONADO, OU SEJA, SE O ELEVADOR ESTÁ NO TÉRREO -
                             S0
Warning[203]: Found opcode in column 1. (GOTO)
0018   281A           00104 GOTO DESC1 ; SE O SENSOR S0, NÃO ESTIVER ACIONADO FAZ A LEITURA DO SENSOR DO 1º ANDAR - S1
Warning[203]: Found opcode in column 1. (GOTO)
0019   2823           00105 GOTO AND0 ; SE O SENSOR S0,ESTIVER ACIONADO, INDICA NO DISPLAY O N° DO ANDAR
                      00106 
001A   1D85           00107 DESC1:  BTFSS S1 ; VERIFICA SE O SENSOR DO 1º ANDAR ESTÁ ACIONADO, OU SEJA, SE O ELEVADOR ESTÁ NO 1º AND
                            AR - S1
Warning[203]: Found opcode in column 1. (GOTO)
001B   281D           00108 GOTO DESC2 ; SE O SENSOR S1, NÃO ESTIVER ACIONADO FAZ A LEITURA DO SENSOR DO 2º ANDAR - S2
Warning[203]: Found opcode in column 1. (GOTO)
001C   2828           00109 GOTO AND1 ; SE O SENSOR S1,ESTIVER ACIONADO, INDICA NO DISPLAY O N° DO ANDAR 
                      00110 
001D   1E85           00111 DESC2:  BTFSS S2 ; VERIFICA SE O SENSOR DO 2º ANDAR ESTÁ ACIONADO, OU SEJA, SE O ELEVADOR ESTÁ NO 2º AND
                            AR - S2
Warning[203]: Found opcode in column 1. (GOTO)
001E   2820           00112 GOTO DESC3 ; SE O SENSOR S2, NÃO ESTIVER ACIONADO FAZ A LEITURA DO SENSOR DO 3º ANDAR - S3
MPASM  5.51                          MAIN.ASM   11-28-2017  19:10:51         PAGE  4


LOC  OBJECT CODE     LINE SOURCE TEXT
  VALUE

Warning[203]: Found opcode in column 1. (GOTO)
001F   282D           00113 GOTO AND2 ; SE O SENSOR S2,ESTIVER ACIONADO, INDICA NO DISPLAY O N° DO ANDAR 
                      00114 
0020   1C09           00115 DESC3:  BTFSS S3 ; VERIFICA SE O SENSOR DO 3º ANDAR ESTÁ ACIONADO, OU SEJA, SE O ELEVADOR ESTÁ NO 3º AND
                            AR - S2
Warning[203]: Found opcode in column 1. (GOTO)
0021   2837           00116 GOTO POSIÇ ; SE O SENSORES S3,S2,S1 E S0 NÃO ESTIVEREM ACIONADOS, O ELEVADOR SERÁ REPOSICIONADO PARA O A
                            NDAR DE BAIXO.
Warning[203]: Found opcode in column 1. (GOTO)
0022   2832           00117 GOTO AND3 ; SE O SENSOR S3,ESTIVER ACIONADO, INDICA NO DISPLAY O N° DO ANDAR 
                      00118 
0023   1387           00119 AND0:   BCF DOWN ; PÁRA DESCIDA DO ELEVADOR
Warning[203]: Found opcode in column 1. (BCF)
0024   1086           00120 BCF PORTB,1 ;RESETA BIT 1 - RB1 ; VALOR "ZERO" NO DISPLAY
Warning[203]: Found opcode in column 1. (BCF)
0025   1106           00121 BCF PORTB,2 ;RESETA BIT 1 - RB2 ; VALOR "ZERO" NO DISPLAY
Warning[203]: Found opcode in column 1. (CALL)
0026   203A           00122 CALL SEGURA ;VAI PARA SEGURA
Warning[203]: Found opcode in column 1. (GOTO)
0027   2853           00123 GOTO ESPERA0 ; ESPERA CHAMADA 
                      00124 
                      00125 
0028   1387           00126 AND1:   BCF DOWN ; PÁRA DESCIDA DO ELEVADOR
Warning[203]: Found opcode in column 1. (BSF)
0029   1486           00127 BSF PORTB,1 ;SETA BIT 1 - RB1 ; VALOR "UM" NO DISPLAY
Warning[203]: Found opcode in column 1. (BCF)
002A   1106           00128 BCF PORTB,2 ;RESETA BIT 2 - RB2 ; VALOR "UM" NO DISPLAY
Warning[203]: Found opcode in column 1. (CALL)
002B   203A           00129 CALL SEGURA ; VAI PARA SEGURA
Warning[203]: Found opcode in column 1. (GOTO)
002C   2853           00130 GOTO ESPERA0 ; ESPERA CHAMADA 
                      00131 
002D   1387           00132 AND2:   BCF DOWN ; PÁRA DESCIDA DO ELEVADOR
Warning[203]: Found opcode in column 1. (BCF)
002E   1086           00133 BCF PORTB,1 ;RESETA BIT 1 - RB1 ; VALOR "DOIS" NO DISPLAY 
Warning[203]: Found opcode in column 1. (BSF)
002F   1506           00134 BSF PORTB,2 ;SETA BIT 2 - RB2 ; VALOR "DOIS" NO DISPLAY
Warning[203]: Found opcode in column 1. (CALL)
0030   203A           00135 CALL SEGURA ; VAI PARA SEGURA
Warning[203]: Found opcode in column 1. (GOTO)
0031   2853           00136 GOTO ESPERA0 ; ESPERA CHAMADA 
                      00137 
                      00138 
0032   1387           00139 AND3:   BCF DOWN ; PÁRA DESCIDA DO ELEVADOR
Warning[203]: Found opcode in column 1. (BSF)
0033   1486           00140 BSF PORTB,1 ;SETA BIT 1 - RB1 ; VALOR "TRÊS" NO DISPLAY
Warning[203]: Found opcode in column 1. (BSF)
0034   1506           00141 BSF PORTB,2 ;SETA BIT 2 - RB2 ; VALOR "TRÊS" NO DISPLAY
Warning[203]: Found opcode in column 1. (CALL)
0035   203A           00142 CALL SEGURA ; VAI PARA SEGURA
Warning[203]: Found opcode in column 1. (GOTO)
0036   2853           00143 GOTO ESPERA0 ; ESPERA CHAMADA 
                      00144 
MPASM  5.51                          MAIN.ASM   11-28-2017  19:10:51         PAGE  5


LOC  OBJECT CODE     LINE SOURCE TEXT
  VALUE

                      00145 
                      00146 ; TEMPO DE ALARME SONORO ACIONADO//TESTE ABERTURA E FECHAMENTO DA PORTA//TEMPO PARA FECHAMENTO DE PORTA
                      00147 
0037   203A           00148 POSIÇ:  CALL SEGURA ; FAZ A ROTINA PARA VERIFICAR ESTADO DA PORTA
Warning[203]: Found opcode in column 1. (BSF)
0038   1787           00149 BSF DOWN ; MANDA O ELEVADOR DESCER ATÉ ENCONTRAR UM SENSOR
Warning[203]: Found opcode in column 1. (GOTO)
0039   2817           00150 GOTO INICIO ; VOLTA PARA INICIO E VERIFICA SE algum SENSOR FOI ATIVADO
                      00151 
                      00152 ; SUB ROTINA PORTA
003A   300A           00153 SEGURA: MOVLW .10 ;COLOCA UMA LITERAL NO REGISTRADOR W
Warning[203]: Found opcode in column 1. (MOVWF)
003B   00A2           00154 MOVWF TEMP2 ;CARREGA A CONSTANTE COM O VALOR 4 
003C   3064           00155 LOOP2:  MOVLW .100 ;COLOCA UMA LITERAL NO REGISTRADOR W
Warning[203]: Found opcode in column 1. (MOVWF)
003D   00A0           00156 MOVWF TEMP ;CARREGA A CONSTANTE COM O VALOR 100 
003E   30FA           00157 LOOP:   MOVLW .250 ;COLOCA UMA LITERAL NO REGISTRADOR W
Warning[203]: Found opcode in column 1. (MOVWF)
003F   00A1           00158 MOVWF TEMP1 ;CARREGA A CONSTANTE COM O VALOR 250        
                      00159 
0040   0000           00160 LOOP1:  NOP ;GASTA 1us.
Warning[203]: Found opcode in column 1. (DECFSZ)
0041   0BA1           00161 DECFSZ TEMP1,F  ;DECREMENTA CONSTANTE TEMP1; GASTA 1us.
Warning[203]: Found opcode in column 1. (GOTO)
0042   2840           00162 GOTO LOOP1 ;TEMP1 DIFERENTE DE ZERO, VAI PARA LOOP1 ; GASTA 2us
Warning[203]: Found opcode in column 1. (DECFSZ)
0043   0BA0           00163 DECFSZ TEMP,F ;DECREMENTA CONSTANTE TEMP; GASTA 1us.
Warning[203]: Found opcode in column 1. (GOTO)
0044   283E           00164 GOTO LOOP ;TEMP DIFERENTE DE ZERO, VAI PARA LOOP ; GASTA 2us
Warning[203]: Found opcode in column 1. (DECFSZ)
0045   0BA2           00165 DECFSZ TEMP2,F ;DECREMENTA CONSTANTE TEMP2; GASTA 1us.
Warning[203]: Found opcode in column 1. (GOTO)
0046   283C           00166 GOTO LOOP2 ;TEMP2 DIFERENTE DE ZERO, VAI PARA LOOP2 ; GASTA 2us
Warning[203]: Found opcode in column 1. (BCF)
0047   1287           00167 BCF BUZZY ;RESETA BIT 5 - RC5 ; DESLIGA ALARME SONORO
Warning[203]: Found opcode in column 1. (GOTO)
0048   2849           00168 GOTO ABERTA
                      00169 
                      00170 ; TESTE ABERTURA E FECHAMENTO DA PORTA / TEMPO FECHAMENTO DE PORTA
                      00171 
0049   1C85           00172 ABERTA: BTFSS SOPEN ; SE 1 PORTA ABERTA
Warning[203]: Found opcode in column 1. (GOTO)
004A   2850           00173 GOTO FECHADA ; VAI PARA PORTA FECHADA
004B   1607           00174 DOOR:   BSF CLOSED ;SETA BIT 4 - RC4 ;FECHA PORTA
Warning[203]: Found opcode in column 1. (BTFSS)
004C   1C05           00175 BTFSS SC        ; VERIFICA SE A PORTA FECHOU
Warning[203]: Found opcode in column 1. (GOTO)
004D   284B           00176 GOTO DOOR ; VOLTA PARA DOOR
Warning[203]: Found opcode in column 1. (BCF)
004E   1207           00177 BCF CLOSED ; DESLIGA FECHAMENTO DE PORTA
Warning[203]: Found opcode in column 1. (GOTO)
004F   2850           00178 GOTO FECHADA ; INICIO DE FUNCIONAMENTO, ESPERA DE CHAMADA
                      00179 
MPASM  5.51                          MAIN.ASM   11-28-2017  19:10:51         PAGE  6


LOC  OBJECT CODE     LINE SOURCE TEXT
  VALUE

0050   1C05           00180 FECHADA:BTFSS SC ; CASO A PORTA NO MOMENTO DA INICIALIZAÇÃO ESTEJA FORA DE POSIÇÃO, ELE MANDARÁ FECHAR P
                            ORTA.
Warning[203]: Found opcode in column 1. (GOTO)
0051   284B           00181 GOTO DOOR       ; MANDA FECHAR A PORTA  
Warning[203]: Found opcode in column 1. (RETURN)
0052   0008           00182 RETURN ; RETORNA A PROXIMA INSTRUÇÃO DE ONDE FOI CHAMADA
                      00183 
                      00184 ; ESPERA DE CHAMADA
                      00185 
0053   1F88           00186 ESPERA0:BTFSS BEX_0 ;VER SE O BOTÃO EXTERNO DO TÉRREO FOI ACIONADO 
Warning[203]: Found opcode in column 1. (GOTO)
0054   2853           00187 GOTO ESPERA0
Error[122]  : Illegal opcode (ABRIR)
0054   2853           00188 gosto ABRIR ; VAI PARA A SUB ROTINA
                      00189 
Warning[203]: Found opcode in column 1. (BTFSS)
0055   1D08           00190 BTFSS BIN1 ; VERIFICA SE O BOTÃO INTERNO PARA O 1º ANDAR O ESTÁ ACIONADO
Warning[203]: Found opcode in column 1. (GOTO)
0056   2853           00191 GOTO ESPERA0
Warning[203]: Found opcode in column 1. (INCF)
Message[305]: Using default destination of 1 (file).
0057   0AA7           00192 INCF 0X27 ; GUARDA STATUS DO BOTÃO EXTERNO DO TÉRREO
Warning[203]: Found opcode in column 1. (BTFSS)
0058   1C88           00193 BTFSS BIN2 ; VERIFICA SE O BOTÃO INTERNO PARA O 1º ANDAR O ESTÁ ACIONADO
Warning[203]: Found opcode in column 1. (GOTO)
0059   2853           00194 GOTO ESPERA0
Warning[203]: Found opcode in column 1. (INCF)
Message[305]: Using default destination of 1 (file).
005A   0AA8           00195 INCF 0X28 ; GUARDA STATUS DO BOTÃO EXTERNO DO TÉRREO
Warning[203]: Found opcode in column 1. (BTFSS)
005B   1C08           00196 BTFSS BIN3 ; VERIFICA SE O BOTÃO INTERNO PARA O 1º ANDAR O ESTÁ ACIONADO
Warning[203]: Found opcode in column 1. (GOTO)
005C   2853           00197 GOTO ESPERA0
Warning[203]: Found opcode in column 1. (INCF)
Message[305]: Using default destination of 1 (file).
005D   0AA9           00198 INCF 0X29 ; GUARDA STATUS DO BOTÃO EXTERNO DO TÉRREO
                      00199 
                      00200 
                      00201 
                      00202 
                      00203 
                      00204 
                      00205 ; SUB ROTINA ABERTURA DE PORTA PARA PASSAGEM DE PESSOAS
005E   1587           00206 ABRIR:  BSF OPEN ;SETA BIT3 - RC3 ;ABRI PORTA
Warning[203]: Found opcode in column 1. (BTFSS)
005F   1C85           00207 BTFSS SOPEN ; SE 1 PORTA ABERTA
Warning[203]: Found opcode in column 1. (GOTO)
0060   285E           00208 GOTO ABRIR ; CONTINUA ABRINDO PORTA
Warning[203]: Found opcode in column 1. (BCF)
0061   1187           00209 BCF OPEN ;RESETA BIT - RC3 ;ABRI PORTA
                      00210 
                      00211 ;TEMPO DE PORTA ABERTA
Warning[203]: Found opcode in column 1. (MOVLW)
MPASM  5.51                          MAIN.ASM   11-28-2017  19:10:51         PAGE  7


LOC  OBJECT CODE     LINE SOURCE TEXT
  VALUE

0062   300A           00212 MOVLW .10 ;COLOCA UMA LITERAL NO REGISTRADOR W
Warning[203]: Found opcode in column 1. (MOVWF)
0063   00A3           00213 MOVWF TEMP3 ;CARREGA A CONSTANTE COM O VALOR 4 
0064   3064           00214 LOOP3:  MOVLW .100 ;COLOCA UMA LITERAL NO REGISTRADOR W
Warning[203]: Found opcode in column 1. (MOVWF)
0065   00A4           00215 MOVWF TEMP4 ;CARREGA A CONSTANTE COM O VALOR 100        
0066   30FA           00216 LOOP4:  MOVLW .250 ;COLOCA UMA LITERAL NO REGISTRADOR W
Warning[203]: Found opcode in column 1. (MOVWF)
0067   00A5           00217 MOVWF TEMP5 ;CARREGA A CONSTANTE COM O VALOR 250        
                      00218 
0068   0000           00219 LOOP5:  NOP ;GASTA 1us.
Warning[203]: Found opcode in column 1. (DECFSZ)
0069   0BA5           00220 DECFSZ TEMP5,F  ;DECREMENTA CONSTANTE TEMP5; GASTA 1us.
Warning[203]: Found opcode in column 1. (GOTO)
006A   2868           00221 GOTO LOOP5 ;TEMP1 DIFERENTE DE ZERO, VAI PARA LOOP5 ; GASTA 2us
Warning[203]: Found opcode in column 1. (DECFSZ)
006B   0BA4           00222 DECFSZ TEMP4,F ;DECREMENTA CONSTANTE TEMP4; GASTA 1us.
Warning[203]: Found opcode in column 1. (GOTO)
006C   2866           00223 GOTO LOOP4 ;TEMP DIFERENTE DE ZERO, VAI PARA LOOP4 ; GASTA 2us
Warning[203]: Found opcode in column 1. (DECFSZ)
006D   0BA3           00224 DECFSZ TEMP3,F ;DECREMENTA CONSTANTE TEMP3; GASTA 1us.
Warning[203]: Found opcode in column 1. (GOTO)
006E   2864           00225 GOTO LOOP3 ;TEMP2 DIFERENTE DE ZERO, VAI PARA LOOP3 ; GASTA 2us
006F   1607           00226 VOL:    BSF CLOSED ;SETA BIT 4 - RC4 ;FECHA PORTA
Warning[203]: Found opcode in column 1. (BTFSS)
0070   1C05           00227 BTFSS SC        ; VERIFICA SE A PORTA FECHOU
Warning[203]: Found opcode in column 1. (GOTO)
0071   286F           00228 GOTO VOL ; VOLTA PARA DOOR
Warning[203]: Found opcode in column 1. (BCF)
0072   1207           00229 BCF CLOSED ; DESLIGA FECHAMENTO DE PORTA
Warning[203]: Found opcode in column 1. (RETURN)
0073   0008           00230 RETURN
                      00231 
Warning[205]: Found directive in column 1. (END)
                      00232 END
MPASM  5.51                          MAIN.ASM   11-28-2017  19:10:51         PAGE  8


SYMBOL TABLE
  LABEL                             VALUE 

ABERTA                            00000049
ABRIR                             0000005E
ACKDT                             00000005
ACKEN                             00000004
ACKSTAT                           00000006
ADCON0                            0000001F
ADCON1                            0000009F
ADCS0                             00000006
ADCS1                             00000007
ADCS2                             00000006
ADDEN                             00000003
ADFM                              00000007
ADIE                              00000006
ADIF                              00000006
ADON                              00000000
ADRESH                            0000001E
ADRESL                            0000009E
ALARME                            00000016
AND0                              00000023
AND1                              00000028
AND2                              0000002D
AND3                              00000032
BANCO0                            BCF STATUS,RP0
BANCO1                            BSF STATUS,RP0
BCLIE                             00000003
BCLIF                             00000003
BEX_0                             PORTD,7
BEX_1_D                           PORTA,7
BEX_1_UP                          PORTA,6
BEX_2_D                           PORTA,5
BEX_2_UP                          PORTA,4
BEX_3                             PORTA,3
BF                                00000000
BIN0                              PORTD,3
BIN1                              PORTD,2
BIN2                              PORTD,1
BIN3                              PORTD,0
BIN_CLOSED                        PORTD,5
BIN_EMERG                         PORTD,6
BIN_OPEN                          PORTD,4
BRGH                              00000002
BUZZY                             PORTC,5
C                                 00000000
C1INV                             00000004
C1OUT                             00000006
C2INV                             00000005
C2OUT                             00000007
CCP1CON                           00000017
CCP1IE                            00000002
CCP1IF                            00000002
CCP1M0                            00000000
CCP1M1                            00000001
CCP1M2                            00000002
MPASM  5.51                          MAIN.ASM   11-28-2017  19:10:51         PAGE  9


SYMBOL TABLE
  LABEL                             VALUE 

CCP1M3                            00000003
CCP1X                             00000005
CCP1Y                             00000004
CCP2CON                           0000001D
CCP2IE                            00000000
CCP2IF                            00000000
CCP2M0                            00000000
CCP2M1                            00000001
CCP2M2                            00000002
CCP2M3                            00000003
CCP2X                             00000005
CCP2Y                             00000004
CCPR1                             00000015
CCPR1H                            00000016
CCPR1L                            00000015
CCPR2                             0000001B
CCPR2H                            0000001C
CCPR2L                            0000001B
CHS0                              00000003
CHS1                              00000004
CHS2                              00000005
CIS                               00000003
CKE                               00000006
CKP                               00000004
CLOSED                            PORTC,4
CM0                               00000000
CM1                               00000001
CM2                               00000002
CMCON                             0000009C
CMIE                              00000006
CMIF                              00000006
CREN                              00000004
CSRC                              00000007
CVR0                              00000000
CVR1                              00000001
CVR2                              00000002
CVR3                              00000003
CVRCON                            0000009D
CVREN                             00000007
CVROE                             00000006
CVRR                              00000005
Clock                             400000
D                                 00000005
DATA_ADDRESS                      00000005
DC                                00000001
DESC1                             0000001A
DESC2                             0000001D
DESC3                             00000020
DISPLA1                           PORTA,2
DISPLAY                           PORTA,1
DOOR                              0000004B
DOWN                              PORTC,7
D_A                               00000005
MPASM  5.51                          MAIN.ASM   11-28-2017  19:10:51         PAGE 10


SYMBOL TABLE
  LABEL                             VALUE 

D_NOT_A                           00000005
EEADR                             0000010D
EEADRH                            0000010F
EECON1                            0000018C
EECON2                            0000018D
EEDATA                            0000010C
EEDATH                            0000010E
EEIE                              00000004
EEIF                              00000004
EEPGD                             00000007
ESPERA0                           00000053
F                                 00000001
FECHADA                           00000050
FERR                              00000002
FSR                               00000004
GCEN                              00000007
GIE                               00000007
GO                                00000002
GO_DONE                           00000002
GO_NOT_DONE                       00000002
I2C_DATA                          00000005
I2C_READ                          00000002
I2C_START                         00000003
I2C_STOP                          00000004
IBF                               00000007
IBOV                              00000005
INDF                              00000000
INICIO                            00000017
INTCON                            0000000B
INTE                              00000004
INTEDG                            00000006
INTF                              00000001
IRP                               00000007
LOOP                              0000003E
LOOP1                             00000040
LOOP2                             0000003C
LOOP3                             00000064
LOOP4                             00000066
LOOP5                             00000068
NOT_A                             00000005
NOT_ADDRESS                       00000005
NOT_BO                            00000000
NOT_BOR                           00000000
NOT_DONE                          00000002
NOT_PD                            00000003
NOT_POR                           00000001
NOT_RBPU                          00000007
NOT_RC8                           00000006
NOT_T1SYNC                        00000002
NOT_TO                            00000004
NOT_TX8                           00000006
NOT_W                             00000002
NOT_WRITE                         00000002
MPASM  5.51                          MAIN.ASM   11-28-2017  19:10:51         PAGE 11


SYMBOL TABLE
  LABEL                             VALUE 

OBF                               00000006
OERR                              00000001
OPEN                              PORTC,3
OPTION_REG                        00000081
P                                 00000004
PCFG0                             00000000
PCFG1                             00000001
PCFG2                             00000002
PCFG3                             00000003
PCL                               00000002
PCLATH                            0000000A
PCON                              0000008E
PEIE                              00000006
PEN                               00000002
PIE1                              0000008C
PIE2                              0000008D
PIR1                              0000000C
PIR2                              0000000D
PORTA                             00000005
PORTB                             00000006
PORTC                             00000007
PORTD                             00000008
PORTE                             00000009
POSIÇ                             00000037
PR2                               00000092
PS0                               00000000
PS1                               00000001
PS2                               00000002
PSA                               00000003
PSPIE                             00000007
PSPIF                             00000007
PSPMODE                           00000004
PWM1                              PORTC,1
PWM2                              PORTC,2
R                                 00000002
RA0                               00000000
RA1                               00000001
RA2                               00000002
RA3                               00000003
RA4                               00000004
RA5                               00000005
RB0                               00000000
RB1                               00000001
RB2                               00000002
RB3                               00000003
RB4                               00000004
RB5                               00000005
RB6                               00000006
RB7                               00000007
RBIE                              00000003
RBIF                              00000000
RC0                               00000000
RC1                               00000001
MPASM  5.51                          MAIN.ASM   11-28-2017  19:10:51         PAGE 12


SYMBOL TABLE
  LABEL                             VALUE 

RC2                               00000002
RC3                               00000003
RC4                               00000004
RC5                               00000005
RC6                               00000006
RC7                               00000007
RC8_9                             00000006
RC9                               00000006
RCD8                              00000000
RCEN                              00000003
RCIE                              00000005
RCIF                              00000005
RCREG                             0000001A
RCSTA                             00000018
RD                                00000000
RD0                               00000000
RD1                               00000001
RD2                               00000002
RD3                               00000003
RD4                               00000004
RD5                               00000005
RD6                               00000006
RD7                               00000007
RE0                               00000000
RE1                               00000001
RE2                               00000002
READ_WRITE                        00000002
RP0                               00000005
RP1                               00000006
RSEN                              00000001
RX9                               00000006
RX9D                              00000000
R_NOT_W                           00000002
R_W                               00000002
S                                 00000003
S0                                PORTA,2
S1                                PORTA,3
S2                                PORTA,5
S3                                PORTE,0
SC                                PORTA,0
SEGURA                            0000003A
SEN                               00000000
SETUP                             00000001
SFLUX                             PORTA,0
SMP                               00000007
SOPEN                             PORTA,1
SPBRG                             00000099
SPEN                              00000007
SREN                              00000005
SSPADD                            00000093
SSPBUF                            00000013
SSPCON                            00000014
SSPCON2                           00000091
MPASM  5.51                          MAIN.ASM   11-28-2017  19:10:51         PAGE 13


SYMBOL TABLE
  LABEL                             VALUE 

SSPEN                             00000005
SSPIE                             00000003
SSPIF                             00000003
SSPM0                             00000000
SSPM1                             00000001
SSPM2                             00000002
SSPM3                             00000003
SSPOV                             00000006
SSPSTAT                           00000094
STATUS                            00000003
SYNC                              00000004
T0CS                              00000005
T0IE                              00000005
T0IF                              00000002
T0SE                              00000004
T1CKPS0                           00000004
T1CKPS1                           00000005
T1CON                             00000010
T1INSYNC                          00000002
T1OSCEN                           00000003
T1SYNC                            00000002
T2CKPS0                           00000000
T2CKPS1                           00000001
T2CON                             00000012
TEMP                              00000020
TEMP1                             00000021
TEMP2                             00000022
TEMP3                             00000023
TEMP4                             00000024
TEMP5                             00000025
TMR0                              00000001
TMR0IE                            00000005
TMR0IF                            00000002
TMR1                              0000000E
TMR1CS                            00000001
TMR1H                             0000000F
TMR1IE                            00000000
TMR1IF                            00000000
TMR1L                             0000000E
TMR1ON                            00000000
TMR2                              00000011
TMR2IE                            00000001
TMR2IF                            00000001
TMR2ON                            00000002
TOUTPS0                           00000003
TOUTPS1                           00000004
TOUTPS2                           00000005
TOUTPS3                           00000006
TRISA                             00000085
TRISA0                            00000000
TRISA1                            00000001
TRISA2                            00000002
TRISA3                            00000003
MPASM  5.51                          MAIN.ASM   11-28-2017  19:10:51         PAGE 14


SYMBOL TABLE
  LABEL                             VALUE 

TRISA4                            00000004
TRISA5                            00000005
TRISB                             00000086
TRISB0                            00000000
TRISB1                            00000001
TRISB2                            00000002
TRISB3                            00000003
TRISB4                            00000004
TRISB5                            00000005
TRISB6                            00000006
TRISB7                            00000007
TRISC                             00000087
TRISC0                            00000000
TRISC1                            00000001
TRISC2                            00000002
TRISC3                            00000003
TRISC4                            00000004
TRISC5                            00000005
TRISC6                            00000006
TRISC7                            00000007
TRISD                             00000088
TRISD0                            00000000
TRISD1                            00000001
TRISD2                            00000002
TRISD3                            00000003
TRISD4                            00000004
TRISD5                            00000005
TRISD6                            00000006
TRISD7                            00000007
TRISE                             00000089
TRISE0                            00000000
TRISE1                            00000001
TRISE2                            00000002
TRMT                              00000001
TX8_9                             00000006
TX9                               00000006
TX9D                              00000000
TXD8                              00000000
TXEN                              00000005
TXIE                              00000004
TXIF                              00000004
TXREG                             00000019
TXSTA                             00000098
UA                                00000001
UP                                PORTC,6
VOL                               0000006F
W                                 00000000
WCOL                              00000007
WR                                00000001
WREN                              00000002
WRERR                             00000003
Z                                 00000002
_BODEN_OFF                        00003FBF
MPASM  5.51                          MAIN.ASM   11-28-2017  19:10:51         PAGE 15


SYMBOL TABLE
  LABEL                             VALUE 

_BODEN_ON                         00003FFF
_BOREN_OFF                        00003FBF
_BOREN_ON                         00003FFF
_CONFIG                           00002007
_CPD_OFF                          00003FFF
_CPD_ON                           00003EFF
_CP_ALL                           00001FFF
_CP_OFF                           00003FFF
_CP_ON                            00001FFF
_DEBUG_OFF                        00003FFF
_DEBUG_ON                         000037FF
_DEVID1                           00002006
_FOSC_EXTRC                       00003FFF
_FOSC_HS                          00003FFE
_FOSC_LP                          00003FFC
_FOSC_XT                          00003FFD
_HS_OSC                           00003FFE
_IDLOC0                           00002000
_IDLOC1                           00002001
_IDLOC2                           00002002
_IDLOC3                           00002003
_LP_OSC                           00003FFC
_LVP_OFF                          00003F7F
_LVP_ON                           00003FFF
_PWRTE_OFF                        00003FFF
_PWRTE_ON                         00003FF7
_RC_OSC                           00003FFF
_WDTE_OFF                         00003FFB
_WDTE_ON                          00003FFF
_WDT_OFF                          00003FFB
_WDT_ON                           00003FFF
_WRT_1FOURTH                      00003BFF
_WRT_256                          00003DFF
_WRT_HALF                         000039FF
_WRT_OFF                          00003FFF
_XT_OSC                           00003FFD
__16F877A                         00000001


MEMORY USAGE MAP ('X' = Used,  '-' = Unused)

0000 : XXXXXXXXXXXXXXXX XXXXXXXXXXXXXXXX XXXXXXXXXXXXXXXX XXXXXXXXXXXXXXXX
0040 : XXXXXXXXXXXXXXXX XXXXXXXXXXXXXXXX XXXXXXXXXXXXXXXX XXXX------------

All other memory blocks unused.

Program Memory Words Used:   116
Program Memory Words Free:  8076


MPASM  5.51                          MAIN.ASM   11-28-2017  19:10:51         PAGE 16





Errors   :     1
Warnings :    95 reported,     0 suppressed
Messages :    10 reported,     0 suppressed

