Warning[205] C:\USERS\RAFAEL\DOCUMENTS\FACUL\MICRO\ELEVADOR\MAIN.ASM 61 : Found directive in column 1. (ORG)
Warning[203] C:\USERS\RAFAEL\DOCUMENTS\FACUL\MICRO\ELEVADOR\MAIN.ASM 62 : Found opcode in column 1. (GOTO)
Warning[203] C:\USERS\RAFAEL\DOCUMENTS\FACUL\MICRO\ELEVADOR\MAIN.ASM 70 : Found opcode in column 1. (bsf)
Warning[203] C:\USERS\RAFAEL\DOCUMENTS\FACUL\MICRO\ELEVADOR\MAIN.ASM 71 : Found opcode in column 1. (MOVLW)
Warning[203] C:\USERS\RAFAEL\DOCUMENTS\FACUL\MICRO\ELEVADOR\MAIN.ASM 72 : Found opcode in column 1. (MOVWF)
Message[302] C:\USERS\RAFAEL\DOCUMENTS\FACUL\MICRO\ELEVADOR\MAIN.ASM 72 : Register in operand not in bank 0.  Ensure that bank bits are correct.
Warning[203] C:\USERS\RAFAEL\DOCUMENTS\FACUL\MICRO\ELEVADOR\MAIN.ASM 73 : Found opcode in column 1. (MOVLW)
Warning[203] C:\USERS\RAFAEL\DOCUMENTS\FACUL\MICRO\ELEVADOR\MAIN.ASM 74 : Found opcode in column 1. (MOVWF)
Message[302] C:\USERS\RAFAEL\DOCUMENTS\FACUL\MICRO\ELEVADOR\MAIN.ASM 74 : Register in operand not in bank 0.  Ensure that bank bits are correct.
Warning[203] C:\USERS\RAFAEL\DOCUMENTS\FACUL\MICRO\ELEVADOR\MAIN.ASM 75 : Found opcode in column 1. (CLRF)
Message[302] C:\USERS\RAFAEL\DOCUMENTS\FACUL\MICRO\ELEVADOR\MAIN.ASM 75 : Register in operand not in bank 0.  Ensure that bank bits are correct.
Warning[203] C:\USERS\RAFAEL\DOCUMENTS\FACUL\MICRO\ELEVADOR\MAIN.ASM 76 : Found opcode in column 1. (MOVLW)
Warning[203] C:\USERS\RAFAEL\DOCUMENTS\FACUL\MICRO\ELEVADOR\MAIN.ASM 77 : Found opcode in column 1. (MOVWF)
Message[302] C:\USERS\RAFAEL\DOCUMENTS\FACUL\MICRO\ELEVADOR\MAIN.ASM 77 : Register in operand not in bank 0.  Ensure that bank bits are correct.
Warning[203] C:\USERS\RAFAEL\DOCUMENTS\FACUL\MICRO\ELEVADOR\MAIN.ASM 78 : Found opcode in column 1. (MOVLW)
Warning[203] C:\USERS\RAFAEL\DOCUMENTS\FACUL\MICRO\ELEVADOR\MAIN.ASM 79 : Found opcode in column 1. (MOVWF)
Message[302] C:\USERS\RAFAEL\DOCUMENTS\FACUL\MICRO\ELEVADOR\MAIN.ASM 79 : Register in operand not in bank 0.  Ensure that bank bits are correct.
Warning[203] C:\USERS\RAFAEL\DOCUMENTS\FACUL\MICRO\ELEVADOR\MAIN.ASM 82 : Found opcode in column 1. (MOVLW)
Warning[203] C:\USERS\RAFAEL\DOCUMENTS\FACUL\MICRO\ELEVADOR\MAIN.ASM 83 : Found opcode in column 1. (MOVWF)
Message[302] C:\USERS\RAFAEL\DOCUMENTS\FACUL\MICRO\ELEVADOR\MAIN.ASM 83 : Register in operand not in bank 0.  Ensure that bank bits are correct.
Warning[203] C:\USERS\RAFAEL\DOCUMENTS\FACUL\MICRO\ELEVADOR\MAIN.ASM 84 : Found opcode in column 1. (MOVLW)
Warning[203] C:\USERS\RAFAEL\DOCUMENTS\FACUL\MICRO\ELEVADOR\MAIN.ASM 85 : Found opcode in column 1. (MOVWF)
Message[302] C:\USERS\RAFAEL\DOCUMENTS\FACUL\MICRO\ELEVADOR\MAIN.ASM 85 : Register in operand not in bank 0.  Ensure that bank bits are correct.
Warning[203] C:\USERS\RAFAEL\DOCUMENTS\FACUL\MICRO\ELEVADOR\MAIN.ASM 89 : Found opcode in column 1. (BCF)
Warning[203] C:\USERS\RAFAEL\DOCUMENTS\FACUL\MICRO\ELEVADOR\MAIN.ASM 90 : Found opcode in column 1. (CLRF)
Warning[203] C:\USERS\RAFAEL\DOCUMENTS\FACUL\MICRO\ELEVADOR\MAIN.ASM 91 : Found opcode in column 1. (CLRF)
Warning[203] C:\USERS\RAFAEL\DOCUMENTS\FACUL\MICRO\ELEVADOR\MAIN.ASM 92 : Found opcode in column 1. (CLRF)
Warning[203] C:\USERS\RAFAEL\DOCUMENTS\FACUL\MICRO\ELEVADOR\MAIN.ASM 93 : Found opcode in column 1. (CLRF)
Warning[203] C:\USERS\RAFAEL\DOCUMENTS\FACUL\MICRO\ELEVADOR\MAIN.ASM 94 : Found opcode in column 1. (CLRF)
Warning[203] C:\USERS\RAFAEL\DOCUMENTS\FACUL\MICRO\ELEVADOR\MAIN.ASM 98 : Found opcode in column 1. (GOTO)
Warning[203] C:\USERS\RAFAEL\DOCUMENTS\FACUL\MICRO\ELEVADOR\MAIN.ASM 104 : Found opcode in column 1. (GOTO)
Warning[203] C:\USERS\RAFAEL\DOCUMENTS\FACUL\MICRO\ELEVADOR\MAIN.ASM 105 : Found opcode in column 1. (GOTO)
Warning[203] C:\USERS\RAFAEL\DOCUMENTS\FACUL\MICRO\ELEVADOR\MAIN.ASM 108 : Found opcode in column 1. (GOTO)
Warning[203] C:\USERS\RAFAEL\DOCUMENTS\FACUL\MICRO\ELEVADOR\MAIN.ASM 109 : Found opcode in column 1. (GOTO)
Warning[203] C:\USERS\RAFAEL\DOCUMENTS\FACUL\MICRO\ELEVADOR\MAIN.ASM 112 : Found opcode in column 1. (GOTO)
Warning[203] C:\USERS\RAFAEL\DOCUMENTS\FACUL\MICRO\ELEVADOR\MAIN.ASM 113 : Found opcode in column 1. (GOTO)
Warning[203] C:\USERS\RAFAEL\DOCUMENTS\FACUL\MICRO\ELEVADOR\MAIN.ASM 116 : Found opcode in column 1. (GOTO)
Warning[203] C:\USERS\RAFAEL\DOCUMENTS\FACUL\MICRO\ELEVADOR\MAIN.ASM 117 : Found opcode in column 1. (GOTO)
Warning[203] C:\USERS\RAFAEL\DOCUMENTS\FACUL\MICRO\ELEVADOR\MAIN.ASM 120 : Found opcode in column 1. (BCF)
Warning[203] C:\USERS\RAFAEL\DOCUMENTS\FACUL\MICRO\ELEVADOR\MAIN.ASM 121 : Found opcode in column 1. (BCF)
Warning[203] C:\USERS\RAFAEL\DOCUMENTS\FACUL\MICRO\ELEVADOR\MAIN.ASM 122 : Found opcode in column 1. (CALL)
Warning[203] C:\USERS\RAFAEL\DOCUMENTS\FACUL\MICRO\ELEVADOR\MAIN.ASM 123 : Found opcode in column 1. (GOTO)
Warning[203] C:\USERS\RAFAEL\DOCUMENTS\FACUL\MICRO\ELEVADOR\MAIN.ASM 127 : Found opcode in column 1. (BSF)
Warning[203] C:\USERS\RAFAEL\DOCUMENTS\FACUL\MICRO\ELEVADOR\MAIN.ASM 128 : Found opcode in column 1. (BCF)
Warning[203] C:\USERS\RAFAEL\DOCUMENTS\FACUL\MICRO\ELEVADOR\MAIN.ASM 129 : Found opcode in column 1. (CALL)
Warning[203] C:\USERS\RAFAEL\DOCUMENTS\FACUL\MICRO\ELEVADOR\MAIN.ASM 130 : Found opcode in column 1. (GOTO)
Warning[203] C:\USERS\RAFAEL\DOCUMENTS\FACUL\MICRO\ELEVADOR\MAIN.ASM 133 : Found opcode in column 1. (BCF)
Warning[203] C:\USERS\RAFAEL\DOCUMENTS\FACUL\MICRO\ELEVADOR\MAIN.ASM 134 : Found opcode in column 1. (BSF)
Warning[203] C:\USERS\RAFAEL\DOCUMENTS\FACUL\MICRO\ELEVADOR\MAIN.ASM 135 : Found opcode in column 1. (CALL)
Warning[203] C:\USERS\RAFAEL\DOCUMENTS\FACUL\MICRO\ELEVADOR\MAIN.ASM 136 : Found opcode in column 1. (GOTO)
Warning[203] C:\USERS\RAFAEL\DOCUMENTS\FACUL\MICRO\ELEVADOR\MAIN.ASM 140 : Found opcode in column 1. (BSF)
Warning[203] C:\USERS\RAFAEL\DOCUMENTS\FACUL\MICRO\ELEVADOR\MAIN.ASM 141 : Found opcode in column 1. (BSF)
Warning[203] C:\USERS\RAFAEL\DOCUMENTS\FACUL\MICRO\ELEVADOR\MAIN.ASM 142 : Found opcode in column 1. (CALL)
Warning[203] C:\USERS\RAFAEL\DOCUMENTS\FACUL\MICRO\ELEVADOR\MAIN.ASM 143 : Found opcode in column 1. (GOTO)
Warning[203] C:\USERS\RAFAEL\DOCUMENTS\FACUL\MICRO\ELEVADOR\MAIN.ASM 149 : Found opcode in column 1. (BSF)
Warning[203] C:\USERS\RAFAEL\DOCUMENTS\FACUL\MICRO\ELEVADOR\MAIN.ASM 150 : Found opcode in column 1. (GOTO)
Warning[203] C:\USERS\RAFAEL\DOCUMENTS\FACUL\MICRO\ELEVADOR\MAIN.ASM 154 : Found opcode in column 1. (MOVWF)
Warning[203] C:\USERS\RAFAEL\DOCUMENTS\FACUL\MICRO\ELEVADOR\MAIN.ASM 156 : Found opcode in column 1. (MOVWF)
Warning[203] C:\USERS\RAFAEL\DOCUMENTS\FACUL\MICRO\ELEVADOR\MAIN.ASM 158 : Found opcode in column 1. (MOVWF)
Warning[203] C:\USERS\RAFAEL\DOCUMENTS\FACUL\MICRO\ELEVADOR\MAIN.ASM 161 : Found opcode in column 1. (DECFSZ)
Warning[203] C:\USERS\RAFAEL\DOCUMENTS\FACUL\MICRO\ELEVADOR\MAIN.ASM 162 : Found opcode in column 1. (GOTO)
Warning[203] C:\USERS\RAFAEL\DOCUMENTS\FACUL\MICRO\ELEVADOR\MAIN.ASM 163 : Found opcode in column 1. (DECFSZ)
Warning[203] C:\USERS\RAFAEL\DOCUMENTS\FACUL\MICRO\ELEVADOR\MAIN.ASM 164 : Found opcode in column 1. (GOTO)
Warning[203] C:\USERS\RAFAEL\DOCUMENTS\FACUL\MICRO\ELEVADOR\MAIN.ASM 165 : Found opcode in column 1. (DECFSZ)
Warning[203] C:\USERS\RAFAEL\DOCUMENTS\FACUL\MICRO\ELEVADOR\MAIN.ASM 166 : Found opcode in column 1. (GOTO)
Warning[203] C:\USERS\RAFAEL\DOCUMENTS\FACUL\MICRO\ELEVADOR\MAIN.ASM 167 : Found opcode in column 1. (BCF)
Warning[203] C:\USERS\RAFAEL\DOCUMENTS\FACUL\MICRO\ELEVADOR\MAIN.ASM 168 : Found opcode in column 1. (GOTO)
Warning[203] C:\USERS\RAFAEL\DOCUMENTS\FACUL\MICRO\ELEVADOR\MAIN.ASM 173 : Found opcode in column 1. (GOTO)
Warning[203] C:\USERS\RAFAEL\DOCUMENTS\FACUL\MICRO\ELEVADOR\MAIN.ASM 175 : Found opcode in column 1. (BTFSS)
Warning[203] C:\USERS\RAFAEL\DOCUMENTS\FACUL\MICRO\ELEVADOR\MAIN.ASM 176 : Found opcode in column 1. (GOTO)
Warning[203] C:\USERS\RAFAEL\DOCUMENTS\FACUL\MICRO\ELEVADOR\MAIN.ASM 177 : Found opcode in column 1. (BCF)
Warning[203] C:\USERS\RAFAEL\DOCUMENTS\FACUL\MICRO\ELEVADOR\MAIN.ASM 178 : Found opcode in column 1. (GOTO)
Warning[203] C:\USERS\RAFAEL\DOCUMENTS\FACUL\MICRO\ELEVADOR\MAIN.ASM 181 : Found opcode in column 1. (GOTO)
Warning[203] C:\USERS\RAFAEL\DOCUMENTS\FACUL\MICRO\ELEVADOR\MAIN.ASM 182 : Found opcode in column 1. (RETURN)
Warning[203] C:\USERS\RAFAEL\DOCUMENTS\FACUL\MICRO\ELEVADOR\MAIN.ASM 187 : Found opcode in column 1. (GOTO)
Error[122]   C:\USERS\RAFAEL\DOCUMENTS\FACUL\MICRO\ELEVADOR\MAIN.ASM 188 : Illegal opcode (ABRIR)
Warning[203] C:\USERS\RAFAEL\DOCUMENTS\FACUL\MICRO\ELEVADOR\MAIN.ASM 190 : Found opcode in column 1. (BTFSS)
Warning[203] C:\USERS\RAFAEL\DOCUMENTS\FACUL\MICRO\ELEVADOR\MAIN.ASM 191 : Found opcode in column 1. (GOTO)
Warning[203] C:\USERS\RAFAEL\DOCUMENTS\FACUL\MICRO\ELEVADOR\MAIN.ASM 192 : Found opcode in column 1. (INCF)
Message[305] C:\USERS\RAFAEL\DOCUMENTS\FACUL\MICRO\ELEVADOR\MAIN.ASM 192 : Using default destination of 1 (file).
Warning[203] C:\USERS\RAFAEL\DOCUMENTS\FACUL\MICRO\ELEVADOR\MAIN.ASM 193 : Found opcode in column 1. (BTFSS)
Warning[203] C:\USERS\RAFAEL\DOCUMENTS\FACUL\MICRO\ELEVADOR\MAIN.ASM 194 : Found opcode in column 1. (GOTO)
Warning[203] C:\USERS\RAFAEL\DOCUMENTS\FACUL\MICRO\ELEVADOR\MAIN.ASM 195 : Found opcode in column 1. (INCF)
Message[305] C:\USERS\RAFAEL\DOCUMENTS\FACUL\MICRO\ELEVADOR\MAIN.ASM 195 : Using default destination of 1 (file).
Warning[203] C:\USERS\RAFAEL\DOCUMENTS\FACUL\MICRO\ELEVADOR\MAIN.ASM 196 : Found opcode in column 1. (BTFSS)
Warning[203] C:\USERS\RAFAEL\DOCUMENTS\FACUL\MICRO\ELEVADOR\MAIN.ASM 197 : Found opcode in column 1. (GOTO)
Warning[203] C:\USERS\RAFAEL\DOCUMENTS\FACUL\MICRO\ELEVADOR\MAIN.ASM 198 : Found opcode in column 1. (INCF)
Message[305] C:\USERS\RAFAEL\DOCUMENTS\FACUL\MICRO\ELEVADOR\MAIN.ASM 198 : Using default destination of 1 (file).
Warning[203] C:\USERS\RAFAEL\DOCUMENTS\FACUL\MICRO\ELEVADOR\MAIN.ASM 207 : Found opcode in column 1. (BTFSS)
Warning[203] C:\USERS\RAFAEL\DOCUMENTS\FACUL\MICRO\ELEVADOR\MAIN.ASM 208 : Found opcode in column 1. (GOTO)
Warning[203] C:\USERS\RAFAEL\DOCUMENTS\FACUL\MICRO\ELEVADOR\MAIN.ASM 209 : Found opcode in column 1. (BCF)
Warning[203] C:\USERS\RAFAEL\DOCUMENTS\FACUL\MICRO\ELEVADOR\MAIN.ASM 212 : Found opcode in column 1. (MOVLW)
Warning[203] C:\USERS\RAFAEL\DOCUMENTS\FACUL\MICRO\ELEVADOR\MAIN.ASM 213 : Found opcode in column 1. (MOVWF)
Warning[203] C:\USERS\RAFAEL\DOCUMENTS\FACUL\MICRO\ELEVADOR\MAIN.ASM 215 : Found opcode in column 1. (MOVWF)
Warning[203] C:\USERS\RAFAEL\DOCUMENTS\FACUL\MICRO\ELEVADOR\MAIN.ASM 217 : Found opcode in column 1. (MOVWF)
Warning[203] C:\USERS\RAFAEL\DOCUMENTS\FACUL\MICRO\ELEVADOR\MAIN.ASM 220 : Found opcode in column 1. (DECFSZ)
Warning[203] C:\USERS\RAFAEL\DOCUMENTS\FACUL\MICRO\ELEVADOR\MAIN.ASM 221 : Found opcode in column 1. (GOTO)
Warning[203] C:\USERS\RAFAEL\DOCUMENTS\FACUL\MICRO\ELEVADOR\MAIN.ASM 222 : Found opcode in column 1. (DECFSZ)
Warning[203] C:\USERS\RAFAEL\DOCUMENTS\FACUL\MICRO\ELEVADOR\MAIN.ASM 223 : Found opcode in column 1. (GOTO)
Warning[203] C:\USERS\RAFAEL\DOCUMENTS\FACUL\MICRO\ELEVADOR\MAIN.ASM 224 : Found opcode in column 1. (DECFSZ)
Warning[203] C:\USERS\RAFAEL\DOCUMENTS\FACUL\MICRO\ELEVADOR\MAIN.ASM 225 : Found opcode in column 1. (GOTO)
Warning[203] C:\USERS\RAFAEL\DOCUMENTS\FACUL\MICRO\ELEVADOR\MAIN.ASM 227 : Found opcode in column 1. (BTFSS)
Warning[203] C:\USERS\RAFAEL\DOCUMENTS\FACUL\MICRO\ELEVADOR\MAIN.ASM 228 : Found opcode in column 1. (GOTO)
Warning[203] C:\USERS\RAFAEL\DOCUMENTS\FACUL\MICRO\ELEVADOR\MAIN.ASM 229 : Found opcode in column 1. (BCF)
Warning[203] C:\USERS\RAFAEL\DOCUMENTS\FACUL\MICRO\ELEVADOR\MAIN.ASM 230 : Found opcode in column 1. (RETURN)
Warning[205] C:\USERS\RAFAEL\DOCUMENTS\FACUL\MICRO\ELEVADOR\MAIN.ASM 232 : Found directive in column 1. (END)
